<?xml version="1.0" encoding="utf-8"?><testsuites><testsuite name="pytest" errors="0" failures="0" skipped="0" tests="1" time="4.974" timestamp="2023-01-31T17:12:14.648576" hostname="zhangxuedeMacBook-Pro-2.local"><testcase classname="test_case.test_baidu.TestBaidu" name="test_baidu_001" time="4.510" /></testsuite></testsuites>