<?xml version="1.0" encoding="utf-8"?><testsuites><testsuite name="pytest" errors="0" failures="0" skipped="0" tests="8" time="21.720" timestamp="2023-02-01T11:00:01.271268" hostname="zhangxuedeMacBook-Pro-2.local"><testcase classname="test_case.test_baidu.TestBaidu" name="test_baidu_001" time="4.447" /><testcase classname="test_case.test_baidu.TestBaidu" name="test_baidu_002" time="2.775" /><testcase classname="test_case.test_baidu.TestBaidu" name="test_baidu_003" time="0.329" /><testcase classname="test_case.test_baidu.TestBaidu" name="test_baidu_004[case1]" time="2.346" /><testcase classname="test_case.test_baidu.TestBaidu" name="test_baidu_004[case2]" time="2.787" /><testcase classname="test_case.test_baidu.TestBaidu" name="test_baidu_004[case3]" time="2.442" /><testcase classname="test_case.test_baidu.TestBaidu" name="test_baidu_006[id-search_key0]" time="2.643" /><testcase classname="test_case.test_baidu.TestBaidu" name="test_baidu_006[id-search_key1]" time="3.387" /></testsuite></testsuites>